  main.cpp
C:\Users\wjh77\Source\Repos\TheEditor\main.cpp(223,17): warning C4244: '=': conversion from 'LRESULT' to 'int', possible loss of data
C:\Users\wjh77\Source\Repos\TheEditor\main.cpp(243,17): warning C4244: '=': conversion from 'LRESULT' to 'int', possible loss of data
C:\Users\wjh77\Source\Repos\TheEditor\main.cpp(339,35): warning C4302: 'type cast': truncation from 'LPWSTR' to 'WORD'
C:\Users\wjh77\Source\Repos\TheEditor\main.cpp(344,42): warning C4302: 'type cast': truncation from 'LPWSTR' to 'WORD'
C:\Users\wjh77\Source\Repos\TheEditor\main.cpp(389,53): warning C4302: 'type cast': truncation from 'LPWSTR' to 'WORD'
C:\Users\wjh77\Source\Repos\TheEditor\main.cpp(394,53): warning C4302: 'type cast': truncation from 'LPWSTR' to 'WORD'
C:\Users\wjh77\Source\Repos\TheEditor\main.cpp(473,1): warning C4067: unexpected tokens following preprocessor directive - expected a newline
C:\Users\wjh77\Source\Repos\TheEditor\main.cpp(710,63): warning C4267: 'initializing': conversion from 'size_t' to 'int', possible loss of data
C:\Users\wjh77\Source\Repos\TheEditor\main.cpp(787,15): warning C4244: 'initializing': conversion from 'LRESULT' to 'int', possible loss of data
C:\Users\wjh77\Source\Repos\TheEditor\main.cpp(788,17): warning C4244: 'initializing': conversion from 'LRESULT' to 'int', possible loss of data
C:\Users\wjh77\Source\Repos\TheEditor\main.cpp(789,15): warning C4244: 'initializing': conversion from 'LRESULT' to 'int', possible loss of data
C:\Users\wjh77\Source\Repos\TheEditor\main.cpp(862,65): warning C4267: 'argument': conversion from 'size_t' to 'int', possible loss of data
C:\Users\wjh77\Source\Repos\TheEditor\main.cpp(863,73): warning C4267: 'argument': conversion from 'size_t' to 'int', possible loss of data
C:\Users\wjh77\Source\Repos\TheEditor\main.cpp(871,25): warning C4244: 'initializing': conversion from 'LRESULT' to 'int', possible loss of data
C:\Users\wjh77\Source\Repos\TheEditor\main.cpp(873,27): warning C4244: 'initializing': conversion from 'LRESULT' to 'int', possible loss of data
  Generating code
C:\Users\wjh77\Source\Repos\TheEditor\main.cpp(773): warning C4715: 'WndProc': not all control paths return a value
  2 of 24 functions ( 8.3%) were compiled, the rest were copied from previous compilation.
    0 functions were new in current compilation
    0 functions had inline decision re-evaluated but remain unchanged
  Finished generating code
  TheEditor.vcxproj -> C:\Users\wjh77\Source\Repos\TheEditor\x64\Release\TheEditor.exe
